-------------------------------------------------------------------------------
Test set: com.pcdgroup.cms.PcdEcom.testregistration.RegisterRepositoryTest
-------------------------------------------------------------------------------
Tests run: 1, Failures: 0, Errors: 1, Skipped: 0, Time elapsed: 0.004 s <<< FAILURE! - in com.pcdgroup.cms.PcdEcom.testregistration.RegisterRepositoryTest
initializationError(com.pcdgroup.cms.PcdEcom.testregistration.RegisterRepositoryTest)  Time elapsed: 0.001 s  <<< ERROR!
java.lang.Exception: No runnable methods

